c:\users\redmi\source\repos\лаба №4 2 сем с++ реализация двухсвязного  списка\лаба №4 2 сем с++ реализация двухсвязного  списка\x64\debug\vc143.pdb
c:\users\redmi\source\repos\лаба №4 2 сем с++ реализация двухсвязного  списка\лаба №4 2 сем с++ реализация двухсвязного  списка\x64\debug\vc143.idb
c:\users\redmi\source\repos\лаба №4 2 сем с++ реализация двухсвязного  списка\лаба №4 2 сем с++ реализация двухсвязного  списка\x64\debug\filename.nativecodeanalysis.sarif
c:\users\redmi\source\repos\лаба №4 2 сем с++ реализация двухсвязного  списка\лаба №4 2 сем с++ реализация двухсвязного  списка\x64\debug\filename.nativecodeanalysis.xml
c:\users\redmi\source\repos\лаба №4 2 сем с++ реализация двухсвязного  списка\лаба №4 2 сем с++ реализация двухсвязного  списка\x64\debug\main.nativecodeanalysis.sarif
c:\users\redmi\source\repos\лаба №4 2 сем с++ реализация двухсвязного  списка\лаба №4 2 сем с++ реализация двухсвязного  списка\x64\debug\main.nativecodeanalysis.xml
c:\users\redmi\source\repos\лаба №4 2 сем с++ реализация двухсвязного  списка\лаба №4 2 сем с++ реализация двухсвязного  списка\x64\debug\main.obj
c:\users\redmi\source\repos\лаба №4 2 сем с++ реализация двухсвязного  списка\лаба №4 2 сем с++ реализация двухсвязного  списка\x64\debug\filename.obj
c:\users\redmi\source\repos\лаба №4 2 сем с++ реализация двухсвязного  списка\x64\debug\лаба №4 2 сем с++ реализация двухсвязного  списка.exe
c:\users\redmi\source\repos\лаба №4 2 сем с++ реализация двухсвязного  списка\x64\debug\лаба №4 2 сем с++ реализация двухсвязного  списка.pdb
c:\users\redmi\source\repos\лаба №4 2 сем с++ реализация двухсвязного  списка\лаба №4 2 сем с++ реализация двухсвязного  списка\x64\debug\лаба №4 2 сем с++ реализация двухсвязного  списка.ilk
c:\users\redmi\source\repos\лаба №4 2 сем с++ реализация двухсвязного  списка\лаба №4 2 сем с++ реализация двухсвязного  списка\x64\debug\vc.nativecodeanalysis.all.xml
c:\users\redmi\source\repos\лаба №4 2 сем с++ реализация двухсвязного  списка\лаба №4 2 сем с++ реализация двухсвязного  списка\x64\debug\лаба №4 .c12f3a29.tlog\cl.command.1.tlog
c:\users\redmi\source\repos\лаба №4 2 сем с++ реализация двухсвязного  списка\лаба №4 2 сем с++ реализация двухсвязного  списка\x64\debug\лаба №4 .c12f3a29.tlog\cl.items.tlog
c:\users\redmi\source\repos\лаба №4 2 сем с++ реализация двухсвязного  списка\лаба №4 2 сем с++ реализация двухсвязного  списка\x64\debug\лаба №4 .c12f3a29.tlog\cl.read.1.tlog
c:\users\redmi\source\repos\лаба №4 2 сем с++ реализация двухсвязного  списка\лаба №4 2 сем с++ реализация двухсвязного  списка\x64\debug\лаба №4 .c12f3a29.tlog\cl.write.1.tlog
c:\users\redmi\source\repos\лаба №4 2 сем с++ реализация двухсвязного  списка\лаба №4 2 сем с++ реализация двухсвязного  списка\x64\debug\лаба №4 .c12f3a29.tlog\link.command.1.tlog
c:\users\redmi\source\repos\лаба №4 2 сем с++ реализация двухсвязного  списка\лаба №4 2 сем с++ реализация двухсвязного  списка\x64\debug\лаба №4 .c12f3a29.tlog\link.read.1.tlog
c:\users\redmi\source\repos\лаба №4 2 сем с++ реализация двухсвязного  списка\лаба №4 2 сем с++ реализация двухсвязного  списка\x64\debug\лаба №4 .c12f3a29.tlog\link.secondary.1.tlog
c:\users\redmi\source\repos\лаба №4 2 сем с++ реализация двухсвязного  списка\лаба №4 2 сем с++ реализация двухсвязного  списка\x64\debug\лаба №4 .c12f3a29.tlog\link.write.1.tlog
